<?xml version="1.0" encoding="UTF-8"?>
<testng-results ignored="0" total="1" passed="1" failed="0" skipped="0">
  <reporter-output>
  </reporter-output>
  <suite started-at="2025-08-01T21:05:19 IST" name=" Master Suite" finished-at="2025-08-01T21:05:32 IST" duration-ms="12687">
    <groups>
    </groups>
    <test started-at="2025-08-01T21:05:19 IST" name="Test" finished-at="2025-08-01T21:05:32 IST" duration-ms="12687">
      <class name="testCases.TC001_AccountRegistrationTest">
        <test-method is-config="true" signature="setup(java.lang.String,java.lang.String)[pri:0, instance:testCases.TC001_AccountRegistrationTest@158a8276]" started-at="2025-08-01T21:05:19 IST" name="setup" finished-at="2025-08-01T21:05:31 IST" duration-ms="11648" status="PASS">
          <params>
            <param index="0">
              <value>
                <![CDATA[windows]]>
              </value>
            </param>
            <param index="1">
              <value>
                <![CDATA[chrome]]>
              </value>
            </param>
          </params>
          <reporter-output>
          </reporter-output>
        </test-method> <!-- setup -->
        <test-method signature="verify_account_registration()[pri:0, instance:testCases.TC001_AccountRegistrationTest@158a8276]" started-at="2025-08-01T21:05:31 IST" name="verify_account_registration" finished-at="2025-08-01T21:05:31 IST" duration-ms="134" status="PASS">
          <reporter-output>
          </reporter-output>
        </test-method> <!-- verify_account_registration -->
        <test-method is-config="true" signature="teardown()[pri:0, instance:testCases.TC001_AccountRegistrationTest@158a8276]" started-at="2025-08-01T21:05:31 IST" name="teardown" finished-at="2025-08-01T21:05:32 IST" duration-ms="776" status="PASS">
          <reporter-output>
          </reporter-output>
        </test-method> <!-- teardown -->
      </class> <!-- testCases.TC001_AccountRegistrationTest -->
    </test> <!-- Test -->
  </suite> <!--  Master Suite -->
</testng-results>
